{"/home/vladtepesh/pet-project/backend-project-lvl2/src/main.js": {"path":"/home/vladtepesh/pet-project/backend-project-lvl2/src/main.js","all":false,"statementMap":{"0":{"start":{"line":1,"column":0},"end":{"line":1,"column":12}},"1":{"start":{"line":2,"column":0},"end":{"line":2,"column":25}},"2":{"start":{"line":3,"column":0},"end":{"line":3,"column":24}},"3":{"start":{"line":4,"column":0},"end":{"line":4,"column":23}},"4":{"start":{"line":5,"column":0},"end":{"line":5,"column":0}},"5":{"start":{"line":6,"column":0},"end":{"line":6,"column":39}},"6":{"start":{"line":7,"column":0},"end":{"line":7,"column":80}},"7":{"start":{"line":8,"column":0},"end":{"line":8,"column":17}},"8":{"start":{"line":9,"column":0},"end":{"line":9,"column":2}},"9":{"start":{"line":10,"column":0},"end":{"line":10,"column":0}},"10":{"start":{"line":11,"column":0},"end":{"line":11,"column":38}},"11":{"start":{"line":12,"column":0},"end":{"line":12,"column":67}},"12":{"start":{"line":13,"column":0},"end":{"line":13,"column":31}},"13":{"start":{"line":14,"column":0},"end":{"line":14,"column":61}},"14":{"start":{"line":15,"column":0},"end":{"line":15,"column":28}},"15":{"start":{"line":16,"column":0},"end":{"line":16,"column":2}},"16":{"start":{"line":17,"column":0},"end":{"line":17,"column":0}},"17":{"start":{"line":18,"column":0},"end":{"line":18,"column":43}},"18":{"start":{"line":19,"column":0},"end":{"line":19,"column":41}},"19":{"start":{"line":20,"column":0},"end":{"line":20,"column":33}},"20":{"start":{"line":21,"column":0},"end":{"line":21,"column":41}},"21":{"start":{"line":22,"column":0},"end":{"line":22,"column":35}},"22":{"start":{"line":23,"column":0},"end":{"line":23,"column":46}},"23":{"start":{"line":24,"column":0},"end":{"line":24,"column":29}},"24":{"start":{"line":25,"column":0},"end":{"line":25,"column":43}},"25":{"start":{"line":26,"column":0},"end":{"line":26,"column":79}},"26":{"start":{"line":27,"column":0},"end":{"line":27,"column":29}},"27":{"start":{"line":28,"column":0},"end":{"line":28,"column":22}},"28":{"start":{"line":29,"column":0},"end":{"line":29,"column":24}},"29":{"start":{"line":30,"column":0},"end":{"line":30,"column":7}},"30":{"start":{"line":31,"column":0},"end":{"line":31,"column":39}},"31":{"start":{"line":32,"column":0},"end":{"line":32,"column":22}},"32":{"start":{"line":33,"column":0},"end":{"line":33,"column":24}},"33":{"start":{"line":34,"column":0},"end":{"line":34,"column":7}},"34":{"start":{"line":35,"column":0},"end":{"line":35,"column":20}},"35":{"start":{"line":36,"column":0},"end":{"line":36,"column":22}},"36":{"start":{"line":37,"column":0},"end":{"line":37,"column":30}},"37":{"start":{"line":38,"column":0},"end":{"line":38,"column":5}},"38":{"start":{"line":39,"column":0},"end":{"line":39,"column":44}},"39":{"start":{"line":40,"column":0},"end":{"line":40,"column":70}},"40":{"start":{"line":41,"column":0},"end":{"line":41,"column":27}},"41":{"start":{"line":42,"column":0},"end":{"line":42,"column":20}},"42":{"start":{"line":43,"column":0},"end":{"line":43,"column":24}},"43":{"start":{"line":44,"column":0},"end":{"line":44,"column":5}},"44":{"start":{"line":45,"column":0},"end":{"line":45,"column":15}},"45":{"start":{"line":46,"column":0},"end":{"line":46,"column":4}},"46":{"start":{"line":47,"column":0},"end":{"line":47,"column":48}},"47":{"start":{"line":48,"column":0},"end":{"line":48,"column":3}},"48":{"start":{"line":49,"column":0},"end":{"line":49,"column":0}},"49":{"start":{"line":50,"column":0},"end":{"line":50,"column":14}},"50":{"start":{"line":51,"column":0},"end":{"line":51,"column":2}},"51":{"start":{"line":52,"column":0},"end":{"line":52,"column":0}},"52":{"start":{"line":53,"column":0},"end":{"line":53,"column":23}}},"s":{"0":1,"1":10,"2":10,"3":10,"4":10,"5":10,"6":1,"7":10,"8":10,"9":10,"10":10,"11":10,"12":10,"13":1,"14":5,"15":5,"16":5,"17":5,"18":5,"19":5,"20":5,"21":22,"22":12,"23":12,"24":12,"25":12,"26":12,"27":12,"28":4,"29":4,"30":12,"31":3,"32":3,"33":3,"34":10,"35":10,"36":10,"37":10,"38":10,"39":22,"40":5,"41":5,"42":5,"43":5,"44":1,"45":1,"46":1,"47":1,"48":1,"49":1,"50":1,"51":1,"52":1},"branchMap":{"0":{"type":"branch","line":2,"loc":{"start":{"line":2,"column":0},"end":{"line":7,"column":18}},"locations":[{"start":{"line":2,"column":0},"end":{"line":7,"column":18}}]},"1":{"type":"branch","line":6,"loc":{"start":{"line":6,"column":0},"end":{"line":6,"column":21}},"locations":[{"start":{"line":6,"column":0},"end":{"line":6,"column":21}}]},"2":{"type":"branch","line":6,"loc":{"start":{"line":6,"column":6},"end":{"line":6,"column":25}},"locations":[{"start":{"line":6,"column":6},"end":{"line":6,"column":25}}]},"3":{"type":"branch","line":7,"loc":{"start":{"line":7,"column":18},"end":{"line":14,"column":8}},"locations":[{"start":{"line":7,"column":18},"end":{"line":14,"column":8}}]},"4":{"type":"branch","line":12,"loc":{"start":{"line":12,"column":47},"end":{"line":13,"column":8}},"locations":[{"start":{"line":12,"column":47},"end":{"line":13,"column":8}}]},"5":{"type":"branch","line":14,"loc":{"start":{"line":14,"column":26},"end":{"line":45,"column":11}},"locations":[{"start":{"line":14,"column":26},"end":{"line":45,"column":11}}]},"6":{"type":"branch","line":21,"loc":{"start":{"line":21,"column":15},"end":{"line":41,"column":23}},"locations":[{"start":{"line":21,"column":15},"end":{"line":41,"column":23}}]},"7":{"type":"branch","line":22,"loc":{"start":{"line":22,"column":29},"end":{"line":34,"column":7}},"locations":[{"start":{"line":22,"column":29},"end":{"line":34,"column":7}}]},"8":{"type":"branch","line":26,"loc":{"start":{"line":26,"column":20},"end":{"line":27,"column":10}},"locations":[{"start":{"line":26,"column":20},"end":{"line":27,"column":10}}]},"9":{"type":"branch","line":27,"loc":{"start":{"line":27,"column":6},"end":{"line":28,"column":16}},"locations":[{"start":{"line":27,"column":6},"end":{"line":28,"column":16}}]},"10":{"type":"branch","line":28,"loc":{"start":{"line":28,"column":8},"end":{"line":31,"column":20}},"locations":[{"start":{"line":28,"column":8},"end":{"line":31,"column":20}}]},"11":{"type":"branch","line":31,"loc":{"start":{"line":31,"column":12},"end":{"line":34,"column":7}},"locations":[{"start":{"line":31,"column":12},"end":{"line":34,"column":7}}]},"12":{"type":"branch","line":35,"loc":{"start":{"line":35,"column":-1},"end":{"line":40,"column":15}},"locations":[{"start":{"line":35,"column":-1},"end":{"line":40,"column":15}}]},"13":{"type":"branch","line":40,"loc":{"start":{"line":40,"column":10},"end":{"line":40,"column":24}},"locations":[{"start":{"line":40,"column":10},"end":{"line":40,"column":24}}]},"14":{"type":"branch","line":40,"loc":{"start":{"line":40,"column":4},"end":{"line":41,"column":23}},"locations":[{"start":{"line":40,"column":4},"end":{"line":41,"column":23}}]},"15":{"type":"branch","line":24,"loc":{"start":{"line":24,"column":4},"end":{"line":25,"column":31}},"locations":[{"start":{"line":24,"column":4},"end":{"line":25,"column":31}}]},"16":{"type":"branch","line":39,"loc":{"start":{"line":39,"column":-1},"end":{"line":39,"column":22}},"locations":[{"start":{"line":39,"column":-1},"end":{"line":39,"column":22}}]}},"b":{"0":[10],"1":[9],"2":[1],"3":[10],"4":[30],"5":[5],"6":[22],"7":[12],"8":[5],"9":[7],"10":[4],"11":[3],"12":[10],"13":[3],"14":[7],"15":[40],"16":[40]},"fnMap":{"0":{"name":"getAbsolutePath","decl":{"start":{"line":2,"column":0},"end":{"line":7,"column":18}},"loc":{"start":{"line":2,"column":0},"end":{"line":7,"column":18}},"line":2},"1":{"name":"getArrFromJSON","decl":{"start":{"line":7,"column":18},"end":{"line":14,"column":8}},"loc":{"start":{"line":7,"column":18},"end":{"line":14,"column":8}},"line":7},"2":{"name":"genDiff","decl":{"start":{"line":14,"column":26},"end":{"line":45,"column":11}},"loc":{"start":{"line":14,"column":26},"end":{"line":45,"column":11}},"line":14},"3":{"name":"agregator","decl":{"start":{"line":21,"column":15},"end":{"line":41,"column":23}},"loc":{"start":{"line":21,"column":15},"end":{"line":41,"column":23}},"line":21}},"f":{"0":10,"1":10,"2":5,"3":22}}
}
