TN:
SF:src/main.js
FN:2,getAbsolutePath
FN:7,getArrFromJSON
FN:14,genDiff
FN:21,agregator
FNF:4
FNH:4
FNDA:10,getAbsolutePath
FNDA:10,getArrFromJSON
FNDA:5,genDiff
FNDA:22,agregator
DA:1,1
DA:2,10
DA:3,10
DA:4,10
DA:5,10
DA:6,10
DA:7,1
DA:8,10
DA:9,10
DA:10,10
DA:11,10
DA:12,10
DA:13,10
DA:14,1
DA:15,5
DA:16,5
DA:17,5
DA:18,5
DA:19,5
DA:20,5
DA:21,5
DA:22,22
DA:23,12
DA:24,12
DA:25,12
DA:26,12
DA:27,12
DA:28,12
DA:29,4
DA:30,4
DA:31,12
DA:32,3
DA:33,3
DA:34,3
DA:35,10
DA:36,10
DA:37,10
DA:38,10
DA:39,10
DA:40,22
DA:41,5
DA:42,5
DA:43,5
DA:44,5
DA:45,1
DA:46,1
DA:47,1
DA:48,1
DA:49,1
DA:50,1
DA:51,1
DA:52,1
DA:53,1
LF:53
LH:53
BRDA:2,0,0,10
BRDA:6,1,0,9
BRDA:6,2,0,1
BRDA:7,3,0,10
BRDA:12,4,0,30
BRDA:14,5,0,5
BRDA:21,6,0,22
BRDA:22,7,0,12
BRDA:26,8,0,5
BRDA:27,9,0,7
BRDA:28,10,0,4
BRDA:31,11,0,3
BRDA:35,12,0,10
BRDA:40,13,0,3
BRDA:40,14,0,7
BRDA:24,15,0,40
BRDA:39,16,0,40
BRF:17
BRH:17
end_of_record
